[22:57:15] [ServerMain/INFO]: Environment: authHost='https://authserver.mojang.com', accountsHost='https://api.mojang.com', sessionHost='https://sessionserver.mojang.com', servicesHost='https://api.minecraftservices.com', name='PROD'
[22:57:16] [ServerMain/INFO]: Loaded 7 recipes
[22:57:16] [ServerMain/INFO]: Loaded 1271 advancements
[22:57:17] [Server thread/INFO]: Starting minecraft server version 1.20.1
[22:57:17] [Server thread/INFO]: Loading properties
[22:57:17] [Server thread/INFO]: Default game type: CREATIVE
[22:57:17] [Server thread/INFO]: Generating keypair
[22:57:17] [Server thread/INFO]: Starting Minecraft server on *:25565
[22:57:17] [Server thread/INFO]: Using epoll channel type
[22:57:17] [Server thread/WARN]: **** SERVER IS RUNNING IN OFFLINE/INSECURE MODE!
[22:57:17] [Server thread/WARN]: The server will make no attempt to authenticate usernames. Beware.
[22:57:17] [Server thread/WARN]: While this makes the game possible to play without internet access, it also opens up the ability for hackers to connect with any username they choose.
[22:57:17] [Server thread/WARN]: To change this, set "online-mode" to "true" in the server.properties file.
[22:57:17] [Server thread/INFO]: Preparing level "world"
[22:57:21] [Server thread/INFO]: Preparing start region for dimension minecraft:overworld
[22:57:22] [Worker-Main-6/INFO]: Preparing spawn area: 0%
[22:57:22] [Worker-Main-11/INFO]: Preparing spawn area: 0%
[22:57:22] [Worker-Main-13/INFO]: Preparing spawn area: 0%
[22:57:23] [Worker-Main-15/INFO]: Preparing spawn area: 0%
[22:57:23] [Worker-Main-8/INFO]: Preparing spawn area: 0%
[22:57:24] [Worker-Main-8/INFO]: Preparing spawn area: 2%
[22:57:24] [Worker-Main-8/INFO]: Preparing spawn area: 2%
[22:57:25] [Worker-Main-15/INFO]: Preparing spawn area: 5%
[22:57:25] [Worker-Main-5/INFO]: Preparing spawn area: 6%
[22:57:26] [Worker-Main-12/INFO]: Preparing spawn area: 9%
[22:57:26] [Worker-Main-13/INFO]: Preparing spawn area: 10%
[22:57:27] [Worker-Main-13/INFO]: Preparing spawn area: 13%
[22:57:27] [Worker-Main-7/INFO]: Preparing spawn area: 16%
[22:57:28] [Worker-Main-15/INFO]: Preparing spawn area: 18%
[22:57:28] [Worker-Main-11/INFO]: Preparing spawn area: 23%
[22:57:29] [Worker-Main-4/INFO]: Preparing spawn area: 25%
[22:57:29] [Worker-Main-4/INFO]: Preparing spawn area: 31%
[22:57:30] [Worker-Main-7/INFO]: Preparing spawn area: 33%
[22:57:30] [Worker-Main-2/INFO]: Preparing spawn area: 36%
[22:57:31] [Worker-Main-7/INFO]: Preparing spawn area: 41%
[22:57:31] [Worker-Main-6/INFO]: Preparing spawn area: 44%
[22:57:32] [Worker-Main-6/INFO]: Preparing spawn area: 48%
[22:57:32] [Worker-Main-11/INFO]: Preparing spawn area: 51%
[22:57:33] [Worker-Main-1/INFO]: Preparing spawn area: 55%
[22:57:33] [Worker-Main-4/INFO]: Preparing spawn area: 58%
[22:57:34] [Worker-Main-15/INFO]: Preparing spawn area: 63%
[22:57:34] [Worker-Main-3/INFO]: Preparing spawn area: 68%
[22:57:35] [Worker-Main-7/INFO]: Preparing spawn area: 70%
[22:57:35] [Worker-Main-5/INFO]: Preparing spawn area: 75%
[22:57:36] [Worker-Main-10/INFO]: Preparing spawn area: 79%
[22:57:36] [Worker-Main-13/INFO]: Preparing spawn area: 84%
[22:57:37] [Worker-Main-14/INFO]: Preparing spawn area: 88%
[22:57:37] [Worker-Main-5/INFO]: Preparing spawn area: 91%
[22:57:38] [Worker-Main-11/INFO]: Preparing spawn area: 97%
[22:57:38] [Server thread/INFO]: Time elapsed: 16632 ms
[22:57:38] [Server thread/INFO]: Done (20.259s)! For help, type "help"
[22:57:38] [Server thread/INFO]: jorge[/[0:0:0:0:0:0:0:1%0]:59204] logged in with entity id 218 at (9.5, 64.0, 7.5)
[22:57:38] [Server thread/INFO]: jorge joined the game
